[6n[?9001h[?1004h[m]0;C:\nvm4w\nodejs\node.exe[?25h]0;npm]0;npm run build[?25l
> @ferramenta/database@1.0.0 build
> tsc[5;1H[?25h]0;C:\Windows\system32\cmd.exe Version 5.9.3
[?25ltsc: The TypeScript Compiler - Version 5.9.3[71X[48;5;68m[71C     [m
[115X[97m[48;5;68m[115C  TS [m[1m
COMMON COMMANDS[22m[10;1H  [94mtsc[m
  Compiles the current project (tsconfig.json in the working directory.)[13;1H  [94mtsc app.ts util.ts[m
  Ignoring tsconfig.json, compiles the specified files with default compiler options.[16;1H  [94mtsc -b[m
  Build a composite project in the working directory.
[?25h
  [94mtsc --init[K[m
  Creates a tsconfig.json with the recommended settings in the working directory.

  [94mtsc -p ./path/to/tsconfig.json[K[m
  Compiles the TypeScript project located at the specified path.

  [94mtsc --help --all[K[m
  An expanded version of this information, showing all possible compiler options

  [94mtsc --noEmit[K[m
  [94mtsc --target esnext[K[m
  Compiles the current project, with additional settings.

[1mCOMMAND LINE FLAGS[22m[K

[94m     --help, -h  [mPrint this message.[K

[94m    --watch, -w  [mWatch input files.[K

[94m          --all  [mShow all compiler options.[K

[94m  --version, -v  [mPrint the compiler's version.[K

[94m         --init  [mInitializes a TypeScript project and creates a tsconfig.json file.[K

[94m  --project, -p  [mCompile the project given the path to its configuration file, or to a folder with a 'tsconfig.json'.   [18;1H

[94m   --showConfig  [mPrint the final configuration instead of building.[K

[94m    --build, -b  [mBuild one or more projects and their dependencies, if out of date[K

[1mCOMMON COMPILER OPTIONS[22m[K

[94m               --pretty  [mEnable color and formatting in TypeScript's output to make compiler errors easier to read.     [18;1H
                  type:  boolean
               default:  true

[94m      --declaration, -d  [mGenerate .d.ts files from TypeScript and JavaScript files in your project.[K
                  type:  boolean
               default:  `false`, unless `composite` is set

[94m       --declarationMap  [mCreate sourcemaps for d.ts files.[K
                  type:  boolean
               default:  false

[94m  --emitDeclarationOnly  [mOnly output d.ts files and not JavaScript files.[K
                  type:  boolean
               default:  false

[94m            --sourceMap  [mCreate source map files for emitted JavaScript files.[K
                  type:  boolean
               default:  false

[94m               --noEmit  [mDisable emitting files from a compilation.[K
                  type:  boolean
               default:  false

[94m           --target, -t  [mSet the JavaScript language version for emitted JavaScript and include compatible library decla
[17;120Ha                         rations.
                one of:  es5, es6/es2015, es2016, es2017, es2018, es2019, es2020, es2021, es2022, es2023, es2024, esnext[18;1H
               default:  es5

[94m           --module, -m  [mSpecify what module code is generated.[K
                one of:  none, commonjs, amd, umd, system, es6/es2015, es2020, es2022, esnext, node16, node18, node20, n
[17;120Hn                         odenext, preserve
               default:  undefined

[94m                  --lib  [mSpecify a set of bundled library declaration files that describe the target runtime environment
[17;120Ht                         .
           one or more:  es5, es6/es2015, es7/es2016, es2017, es2018, es2019, es2020, es2021, es2022, es2023, es2024, es
[17;120Hs                         next, dom, dom.iterable, dom.asynciterable, webworker, webworker.importscripts, webworker.itera
[17;120Ha                         ble, webworker.asynciterable, scripthost, es2015.core, es2015.collection, es2015.generator, es2
[17;120H2                         015.iterable, es2015.promise, es2015.proxy, es2015.reflect, es2015.symbol, es2015.symbol.wellkn
[17;120Hn                         own, es2016.array.include, es2016.intl, es2017.arraybuffer, es2017.date, es2017.object, es2017.
[17;120H.                         sharedmemory, es2017.string, es2017.intl, es2017.typedarrays, es2018.asyncgenerator, es2018.asy
[17;120Hy                         nciterable/esnext.asynciterable, es2018.intl, es2018.promise, es2018.regexp, es2019.array, es20
[17;120H0                         19.object, es2019.string, es2019.symbol/esnext.symbol, es2019.intl, es2020.bigint/esnext.bigint
[17;120Ht                         , es2020.date, es2020.promise, es2020.sharedmemory, es2020.string, es2020.symbol.wellknown, es2
[17;120H2                         020.intl, es2020.number, es2021.promise, es2021.string, es2021.weakref/esnext.weakref, es2021.i
[17;120Hi                         ntl, es2022.array, es2022.error, es2022.intl, es2022.object, es2022.string, es2022.regexp, es20
[17;120H0                         23.array, es2023.collection, es2023.intl, es2024.arraybuffer, es2024.collection, es2024.object/
[17;120H/                         esnext.object, es2024.promise, es2024.regexp/esnext.regexp, es2024.sharedmemory, es2024.string/
[17;120H/                         esnext.string, esnext.array, esnext.collection, esnext.intl, esnext.disposable, esnext.promise,
[17;120H,                          esnext.decorators, esnext.iterator, esnext.float16, esnext.error, esnext.sharedmemory, decorat
[17;120Ht                         ors, decorators.legacy
               default:  undefined

[94m              --allowJs  [mAllow JavaScript files to be a part of your program. Use the 'checkJs' option to get errors fro
[17;120Ho                         m these files.
                  type:  boolean
               default:  false

[94m              --checkJs  [mEnable error reporting in type-checked JavaScript files.[K
                  type:  boolean
               default:  false

[94m                  --jsx  [mSpecify what JSX code is generated.[K
                one of:  preserve, react, react-native, react-jsx, react-jsxdev
               default:  undefined

[94m              --outFile  [mSpecify a file that bundles all outputs into one JavaScript file. If 'declaration' is true, als
[17;120Hs                         o designates a file that bundles all .d.ts output.

[94m               --outDir  [mSpecify an output folder for all emitted files.[K

[94m       --removeComments  [mDisable emitting comments.[K
                  type:  boolean
               default:  false

[94m               --strict  [mEnable all strict type-checking options.[K
                  type:  boolean
               default:  false

[94m                --types  [mSpecify type package names to be included without being referenced in a source file.[K

[94m      --esModuleInterop  [mEmit additional JavaScript to ease support for importing CommonJS modules. This enables 'allowS
[17;120HS                         yntheticDefaultImports' for type compatibility.
                  type:  boolean
               default:  false

You can learn about all of the compiler options at https://aka.ms/tsc

[1mnpm[22m [31merror [mLifecycle script `build` failed with error:[K
[1mnpm[22m [31merror [94mcode [33m1[K[m
[1mnpm[22m [31merror [94mpath [mC:\Users\Mathe\OneDrive\Desktop\Ferramenta-main\new\packages\database[K
[1mnpm[22m [31merror [94mworkspace [m@ferramenta/database@1.0.0[K
[1mnpm[22m [31merror [94mlocation [mC:\Users\Mathe\OneDrive\Desktop\Ferramenta-main\new\packages\database[K
[1mnpm[22m [31merror [mcommand failed[K
[1mnpm[22m [31merror [94mcommand [mC:\Windows\system32\cmd.exe /d /s /c tsc[K
[?9001l[?1004l
